0 info it worked if it ends with ok
1 verbose cli [ '/usr/bin/node', '/usr/bin/npm', 'install' ]
2 info using npm@3.6.0
3 info using node@v5.7.0
4 silly loadCurrentTree Starting
5 silly install loadCurrentTree
6 silly install readLocalPackageData
7 silly install normalizeTree
8 silly loadCurrentTree Finishing
9 silly loadIdealTree Starting
10 silly install loadIdealTree
11 silly cloneCurrentTree Starting
12 silly install cloneCurrentTreeToIdealTree
13 silly cloneCurrentTree Finishing
14 silly loadShrinkwrap Starting
15 silly install loadShrinkwrap
16 silly loadShrinkwrap Finishing
17 silly loadAllDepsIntoIdealTree Starting
18 silly install loadAllDepsIntoIdealTree
19 silly fetchNamedPackageData bcrypt
20 silly mapToRegistry name bcrypt
21 silly mapToRegistry using default registry
22 silly mapToRegistry registry https://registry.npmjs.org/
23 silly mapToRegistry uri https://registry.npmjs.org/bcrypt
24 verbose request uri https://registry.npmjs.org/bcrypt
25 verbose request no auth needed
26 info attempt registry request try #1 at 13:35:31
27 verbose request id 942dfdc0b683b9f4
28 verbose etag "40ONOWXRRS3FHCQO5782NDLOU"
29 http request GET https://registry.npmjs.org/bcrypt
30 http 304 https://registry.npmjs.org/bcrypt
31 verbose headers { date: 'Wed, 23 Mar 2016 18:35:30 GMT',
31 verbose headers   via: '1.1 varnish',
31 verbose headers   'cache-control': 'max-age=300',
31 verbose headers   etag: '"40ONOWXRRS3FHCQO5782NDLOU"',
31 verbose headers   age: '142',
31 verbose headers   connection: 'keep-alive',
31 verbose headers   'x-served-by': 'cache-dfw1825-DFW',
31 verbose headers   'x-cache': 'HIT',
31 verbose headers   'x-cache-hits': '1',
31 verbose headers   'x-timer': 'S1458758130.693472,VS0,VE0',
31 verbose headers   vary: 'Accept' }
32 silly get cb [ 304,
32 silly get   { date: 'Wed, 23 Mar 2016 18:35:30 GMT',
32 silly get     via: '1.1 varnish',
32 silly get     'cache-control': 'max-age=300',
32 silly get     etag: '"40ONOWXRRS3FHCQO5782NDLOU"',
32 silly get     age: '142',
32 silly get     connection: 'keep-alive',
32 silly get     'x-served-by': 'cache-dfw1825-DFW',
32 silly get     'x-cache': 'HIT',
32 silly get     'x-cache-hits': '1',
32 silly get     'x-timer': 'S1458758130.693472,VS0,VE0',
32 silly get     vary: 'Accept' } ]
33 verbose etag https://registry.npmjs.org/bcrypt from cache
34 verbose get saving bcrypt to /home/ethan/.npm/registry.npmjs.org/bcrypt/.cache.json
35 verbose correctMkdir /home/ethan/.npm correctMkdir not in flight; initializing
36 silly resolveWithNewModule bcrypt@0.8.5 checking installable status
37 silly cache add args [ 'bcrypt@^0.8.5', null ]
38 verbose cache add spec bcrypt@^0.8.5
39 silly cache add parsed spec Result {
39 silly cache add   raw: 'bcrypt@^0.8.5',
39 silly cache add   scope: null,
39 silly cache add   name: 'bcrypt',
39 silly cache add   rawSpec: '^0.8.5',
39 silly cache add   spec: '>=0.8.5 <0.9.0',
39 silly cache add   type: 'range' }
40 silly addNamed bcrypt@>=0.8.5 <0.9.0
41 verbose addNamed ">=0.8.5 <0.9.0" is a valid semver range for bcrypt
42 silly addNameRange { name: 'bcrypt', range: '>=0.8.5 <0.9.0', hasData: false }
43 silly mapToRegistry name bcrypt
44 silly mapToRegistry using default registry
45 silly mapToRegistry registry https://registry.npmjs.org/
46 silly mapToRegistry uri https://registry.npmjs.org/bcrypt
47 verbose addNameRange registry:https://registry.npmjs.org/bcrypt not in flight; fetching
48 verbose get https://registry.npmjs.org/bcrypt not expired, no request
49 silly addNameRange number 2 { name: 'bcrypt', range: '>=0.8.5 <0.9.0', hasData: true }
50 silly addNameRange versions [ 'bcrypt',
50 silly addNameRange   [ '0.1.2',
50 silly addNameRange     '0.2.0',
50 silly addNameRange     '0.2.1',
50 silly addNameRange     '0.1.3',
50 silly addNameRange     '0.2.2',
50 silly addNameRange     '0.2.3',
50 silly addNameRange     '0.2.4',
50 silly addNameRange     '0.3.0',
50 silly addNameRange     '0.3.1',
50 silly addNameRange     '0.3.2',
50 silly addNameRange     '0.4.0',
50 silly addNameRange     '0.4.1',
50 silly addNameRange     '0.5.0',
50 silly addNameRange     '0.6.0',
50 silly addNameRange     '0.7.0',
50 silly addNameRange     '0.7.1',
50 silly addNameRange     '0.7.2',
50 silly addNameRange     '0.7.3',
50 silly addNameRange     '0.7.4',
50 silly addNameRange     '0.7.5',
50 silly addNameRange     '0.7.6',
50 silly addNameRange     '0.7.7',
50 silly addNameRange     '0.7.8',
50 silly addNameRange     '0.8.0',
50 silly addNameRange     '0.8.1',
50 silly addNameRange     '0.8.2',
50 silly addNameRange     '0.8.3',
50 silly addNameRange     '0.8.4',
50 silly addNameRange     '0.8.5' ] ]
51 silly addNamed bcrypt@0.8.5
52 verbose addNamed "0.8.5" is a plain semver version for bcrypt
53 silly cache afterAdd bcrypt@0.8.5
54 verbose afterAdd /home/ethan/.npm/bcrypt/0.8.5/package/package.json not in flight; writing
55 verbose correctMkdir /home/ethan/.npm correctMkdir not in flight; initializing
56 verbose afterAdd /home/ethan/.npm/bcrypt/0.8.5/package/package.json written
57 silly fetchNamedPackageData bindings
58 silly mapToRegistry name bindings
59 silly mapToRegistry using default registry
60 silly mapToRegistry registry https://registry.npmjs.org/
61 silly mapToRegistry uri https://registry.npmjs.org/bindings
62 silly fetchNamedPackageData nan
63 silly mapToRegistry name nan
64 silly mapToRegistry using default registry
65 silly mapToRegistry registry https://registry.npmjs.org/
66 silly mapToRegistry uri https://registry.npmjs.org/nan
67 verbose request uri https://registry.npmjs.org/bindings
68 verbose request no auth needed
69 info attempt registry request try #1 at 13:35:32
70 verbose etag "1LLBF9OH58DLBEL4629U6032D"
71 http request GET https://registry.npmjs.org/bindings
72 verbose request uri https://registry.npmjs.org/nan
73 verbose request no auth needed
74 info attempt registry request try #1 at 13:35:32
75 verbose etag "9GNMF0K57Y4H80QS1L4U9QND9"
76 http request GET https://registry.npmjs.org/nan
77 http 304 https://registry.npmjs.org/nan
78 verbose headers { date: 'Wed, 23 Mar 2016 18:35:31 GMT',
78 verbose headers   via: '1.1 varnish',
78 verbose headers   'cache-control': 'max-age=300',
78 verbose headers   etag: '"9GNMF0K57Y4H80QS1L4U9QND9"',
78 verbose headers   age: '50',
78 verbose headers   connection: 'keep-alive',
78 verbose headers   'x-served-by': 'cache-dfw1839-DFW',
78 verbose headers   'x-cache': 'HIT',
78 verbose headers   'x-cache-hits': '1',
78 verbose headers   'x-timer': 'S1458758131.114433,VS0,VE0',
78 verbose headers   vary: 'Accept' }
79 silly get cb [ 304,
79 silly get   { date: 'Wed, 23 Mar 2016 18:35:31 GMT',
79 silly get     via: '1.1 varnish',
79 silly get     'cache-control': 'max-age=300',
79 silly get     etag: '"9GNMF0K57Y4H80QS1L4U9QND9"',
79 silly get     age: '50',
79 silly get     connection: 'keep-alive',
79 silly get     'x-served-by': 'cache-dfw1839-DFW',
79 silly get     'x-cache': 'HIT',
79 silly get     'x-cache-hits': '1',
79 silly get     'x-timer': 'S1458758131.114433,VS0,VE0',
79 silly get     vary: 'Accept' } ]
80 verbose etag https://registry.npmjs.org/nan from cache
81 verbose get saving nan to /home/ethan/.npm/registry.npmjs.org/nan/.cache.json
82 verbose correctMkdir /home/ethan/.npm correctMkdir not in flight; initializing
83 silly resolveWithNewModule nan@2.0.5 checking installable status
84 silly cache add args [ 'nan@2.0.5', null ]
85 verbose cache add spec nan@2.0.5
86 silly cache add parsed spec Result {
86 silly cache add   raw: 'nan@2.0.5',
86 silly cache add   scope: null,
86 silly cache add   name: 'nan',
86 silly cache add   rawSpec: '2.0.5',
86 silly cache add   spec: '2.0.5',
86 silly cache add   type: 'version' }
87 silly addNamed nan@2.0.5
88 verbose addNamed "2.0.5" is a plain semver version for nan
89 silly mapToRegistry name nan
90 silly mapToRegistry using default registry
91 silly mapToRegistry registry https://registry.npmjs.org/
92 silly mapToRegistry uri https://registry.npmjs.org/nan
93 verbose addNameVersion registry:https://registry.npmjs.org/nan not in flight; fetching
94 verbose get https://registry.npmjs.org/nan not expired, no request
95 http 304 https://registry.npmjs.org/bindings
96 verbose headers { date: 'Wed, 23 Mar 2016 18:35:31 GMT',
96 verbose headers   via: '1.1 varnish',
96 verbose headers   'cache-control': 'max-age=300',
96 verbose headers   etag: '"1LLBF9OH58DLBEL4629U6032D"',
96 verbose headers   age: '0',
96 verbose headers   connection: 'keep-alive',
96 verbose headers   'x-served-by': 'cache-dfw1847-DFW',
96 verbose headers   'x-cache': 'HIT',
96 verbose headers   'x-cache-hits': '1',
96 verbose headers   'x-timer': 'S1458758131.108986,VS0,VE54',
96 verbose headers   vary: 'Accept' }
97 silly get cb [ 304,
97 silly get   { date: 'Wed, 23 Mar 2016 18:35:31 GMT',
97 silly get     via: '1.1 varnish',
97 silly get     'cache-control': 'max-age=300',
97 silly get     etag: '"1LLBF9OH58DLBEL4629U6032D"',
97 silly get     age: '0',
97 silly get     connection: 'keep-alive',
97 silly get     'x-served-by': 'cache-dfw1847-DFW',
97 silly get     'x-cache': 'HIT',
97 silly get     'x-cache-hits': '1',
97 silly get     'x-timer': 'S1458758131.108986,VS0,VE54',
97 silly get     vary: 'Accept' } ]
98 verbose etag https://registry.npmjs.org/bindings from cache
99 verbose get saving bindings to /home/ethan/.npm/registry.npmjs.org/bindings/.cache.json
100 verbose correctMkdir /home/ethan/.npm correctMkdir not in flight; initializing
101 silly cache afterAdd nan@2.0.5
102 verbose afterAdd /home/ethan/.npm/nan/2.0.5/package/package.json not in flight; writing
103 verbose correctMkdir /home/ethan/.npm correctMkdir not in flight; initializing
104 silly resolveWithNewModule bindings@1.2.1 checking installable status
105 silly cache add args [ 'bindings@1.2.1', null ]
106 verbose cache add spec bindings@1.2.1
107 silly cache add parsed spec Result {
107 silly cache add   raw: 'bindings@1.2.1',
107 silly cache add   scope: null,
107 silly cache add   name: 'bindings',
107 silly cache add   rawSpec: '1.2.1',
107 silly cache add   spec: '1.2.1',
107 silly cache add   type: 'version' }
108 silly addNamed bindings@1.2.1
109 verbose addNamed "1.2.1" is a plain semver version for bindings
110 silly mapToRegistry name bindings
111 silly mapToRegistry using default registry
112 silly mapToRegistry registry https://registry.npmjs.org/
113 silly mapToRegistry uri https://registry.npmjs.org/bindings
114 verbose addNameVersion registry:https://registry.npmjs.org/bindings not in flight; fetching
115 verbose afterAdd /home/ethan/.npm/nan/2.0.5/package/package.json written
116 verbose get https://registry.npmjs.org/bindings not expired, no request
117 silly cache afterAdd bindings@1.2.1
118 verbose afterAdd /home/ethan/.npm/bindings/1.2.1/package/package.json not in flight; writing
119 verbose correctMkdir /home/ethan/.npm correctMkdir not in flight; initializing
120 verbose afterAdd /home/ethan/.npm/bindings/1.2.1/package/package.json written
121 silly fetchNamedPackageData fsevents
122 silly mapToRegistry name fsevents
123 silly mapToRegistry using default registry
124 silly mapToRegistry registry https://registry.npmjs.org/
125 silly mapToRegistry uri https://registry.npmjs.org/fsevents
126 verbose request uri https://registry.npmjs.org/fsevents
127 verbose request no auth needed
128 info attempt registry request try #1 at 13:35:33
129 verbose etag "9SQPCG4K0YWB0SPZEQHLYN742"
130 http request GET https://registry.npmjs.org/fsevents
131 http 304 https://registry.npmjs.org/fsevents
132 verbose headers { date: 'Wed, 23 Mar 2016 18:35:31 GMT',
132 verbose headers   via: '1.1 varnish',
132 verbose headers   'cache-control': 'max-age=300',
132 verbose headers   etag: '"9SQPCG4K0YWB0SPZEQHLYN742"',
132 verbose headers   age: '145',
132 verbose headers   connection: 'keep-alive',
132 verbose headers   'x-served-by': 'cache-dfw1835-DFW',
132 verbose headers   'x-cache': 'HIT',
132 verbose headers   'x-cache-hits': '1',
132 verbose headers   'x-timer': 'S1458758131.725614,VS0,VE0',
132 verbose headers   vary: 'Accept' }
133 silly get cb [ 304,
133 silly get   { date: 'Wed, 23 Mar 2016 18:35:31 GMT',
133 silly get     via: '1.1 varnish',
133 silly get     'cache-control': 'max-age=300',
133 silly get     etag: '"9SQPCG4K0YWB0SPZEQHLYN742"',
133 silly get     age: '145',
133 silly get     connection: 'keep-alive',
133 silly get     'x-served-by': 'cache-dfw1835-DFW',
133 silly get     'x-cache': 'HIT',
133 silly get     'x-cache-hits': '1',
133 silly get     'x-timer': 'S1458758131.725614,VS0,VE0',
133 silly get     vary: 'Accept' } ]
134 verbose etag https://registry.npmjs.org/fsevents from cache
135 verbose get saving fsevents to /home/ethan/.npm/registry.npmjs.org/fsevents/.cache.json
136 verbose correctMkdir /home/ethan/.npm correctMkdir not in flight; initializing
137 silly resolveWithNewModule fsevents@1.0.8 checking installable status
138 silly loadAllDepsIntoIdealTree Finishing
139 silly idealTree:prePrune foo@1.0.0
139 silly idealTree:prePrune ├── abbrev@1.0.7
139 silly idealTree:prePrune ├── accepts@1.2.13
139 silly idealTree:prePrune ├── after@0.8.1
139 silly idealTree:prePrune ├── angular2@2.0.0-beta.7
139 silly idealTree:prePrune ├── ansi-regex@2.0.0
139 silly idealTree:prePrune ├── ansi-styles@2.2.0
139 silly idealTree:prePrune ├── anymatch@1.3.0
139 silly idealTree:prePrune ├── arr-diff@2.0.0
139 silly idealTree:prePrune ├── arr-flatten@1.0.1
139 silly idealTree:prePrune ├── array-flatten@1.1.1
139 silly idealTree:prePrune ├── array-unique@0.2.1
139 silly idealTree:prePrune ├── arraybuffer.slice@0.0.6
139 silly idealTree:prePrune ├── arrify@1.0.1
139 silly idealTree:prePrune ├── asn1@0.2.3
139 silly idealTree:prePrune ├── assert-plus@0.2.0
139 silly idealTree:prePrune ├── async-each-series@0.1.1
139 silly idealTree:prePrune ├── async-each@0.1.6
139 silly idealTree:prePrune ├── async@1.5.2
139 silly idealTree:prePrune ├── aws-sign2@0.6.0
139 silly idealTree:prePrune ├── aws4@1.3.2
139 silly idealTree:prePrune ├── backo2@1.0.2
139 silly idealTree:prePrune ├── balanced-match@0.3.0
139 silly idealTree:prePrune ├── base64-arraybuffer@0.1.2
139 silly idealTree:prePrune ├── base64id@0.1.0
139 silly idealTree:prePrune ├── batch@0.5.3
139 silly idealTree:prePrune ├── bcrypt@0.8.5
139 silly idealTree:prePrune ├── benchmark@1.0.0
139 silly idealTree:prePrune ├── better-assert@1.0.2
139 silly idealTree:prePrune ├── binary-extensions@1.4.0
139 silly idealTree:prePrune ├── bindings@1.2.1
139 silly idealTree:prePrune ├── bl@1.0.3
139 silly idealTree:prePrune ├── blob@0.0.4
139 silly idealTree:prePrune ├── body-parser@1.15.0
139 silly idealTree:prePrune ├── boom@2.10.1
139 silly idealTree:prePrune ├── bootstrap@3.3.6
139 silly idealTree:prePrune ├── brace-expansion@1.1.3
139 silly idealTree:prePrune ├── braces@1.8.3
139 silly idealTree:prePrune ├── browser-request@0.3.3
139 silly idealTree:prePrune ├── browser-sync-client@2.4.1
139 silly idealTree:prePrune ├── browser-sync-ui@0.5.18
139 silly idealTree:prePrune ├─┬ browser-sync@2.11.2
139 silly idealTree:prePrune │ └── lodash@3.10.1
139 silly idealTree:prePrune ├── bs-recipes@1.1.0
139 silly idealTree:prePrune ├── bytes@2.2.0
139 silly idealTree:prePrune ├── callsite@1.0.0
139 silly idealTree:prePrune ├── camelcase-keys@1.0.0
139 silly idealTree:prePrune ├── camelcase@1.2.1
139 silly idealTree:prePrune ├── caseless@0.11.0
139 silly idealTree:prePrune ├── chalk@1.1.1
139 silly idealTree:prePrune ├── chokidar@1.4.1
139 silly idealTree:prePrune ├── cliui@3.1.1
139 silly idealTree:prePrune ├── code-point-at@1.0.0
139 silly idealTree:prePrune ├── color-convert@1.0.0
139 silly idealTree:prePrune ├── combined-stream@1.0.5
139 silly idealTree:prePrune ├── commander@2.9.0
139 silly idealTree:prePrune ├── component-bind@1.0.0
139 silly idealTree:prePrune ├── component-emitter@1.1.2
139 silly idealTree:prePrune ├── component-inherit@0.0.3
139 silly idealTree:prePrune ├── concat-map@0.0.1
139 silly idealTree:prePrune ├── connect-history-api-fallback@1.2.0
139 silly idealTree:prePrune ├── connect-logger@0.0.1
139 silly idealTree:prePrune ├── connect@3.4.1
139 silly idealTree:prePrune ├── content-disposition@0.5.1
139 silly idealTree:prePrune ├── content-type@1.0.1
139 silly idealTree:prePrune ├── cookie-signature@1.0.6
139 silly idealTree:prePrune ├── cookie@0.1.5
139 silly idealTree:prePrune ├── core-util-is@1.0.2
139 silly idealTree:prePrune ├── cradle@0.7.1
139 silly idealTree:prePrune ├── cryptiles@2.0.5
139 silly idealTree:prePrune ├── ctype@0.5.3
139 silly idealTree:prePrune ├─┬ dashdash@1.13.0
139 silly idealTree:prePrune │ └── assert-plus@1.0.0
139 silly idealTree:prePrune ├── debug@2.2.0
139 silly idealTree:prePrune ├── decamelize@1.2.0
139 silly idealTree:prePrune ├── delayed-stream@1.0.0
139 silly idealTree:prePrune ├── depd@1.1.0
139 silly idealTree:prePrune ├── destroy@1.0.4
139 silly idealTree:prePrune ├── dev-ip@1.0.1
139 silly idealTree:prePrune ├─┬ easy-extender@2.3.2
139 silly idealTree:prePrune │ └── lodash@3.10.1
139 silly idealTree:prePrune ├── eazy-logger@2.1.3
139 silly idealTree:prePrune ├── ecc-jsbn@0.1.1
139 silly idealTree:prePrune ├── ee-first@1.1.1
139 silly idealTree:prePrune ├── emitter-steward@1.0.0
139 silly idealTree:prePrune ├── engine.io-client@1.6.8
139 silly idealTree:prePrune ├─┬ engine.io-parser@1.2.4
139 silly idealTree:prePrune │ ├── has-binary@0.1.6
139 silly idealTree:prePrune │ └── isarray@0.0.1
139 silly idealTree:prePrune ├─┬ engine.io@1.6.8
139 silly idealTree:prePrune │ ├── accepts@1.1.4
139 silly idealTree:prePrune │ ├── mime-db@1.12.0
139 silly idealTree:prePrune │ ├── mime-types@2.0.14
139 silly idealTree:prePrune │ └── negotiator@0.4.9
139 silly idealTree:prePrune ├── es6-module-loader@0.17.11
139 silly idealTree:prePrune ├── es6-promise@3.1.2
139 silly idealTree:prePrune ├── es6-shim@0.33.13
139 silly idealTree:prePrune ├── escape-html@1.0.3
139 silly idealTree:prePrune ├── escape-string-regexp@1.0.5
139 silly idealTree:prePrune ├── etag@1.7.0
139 silly idealTree:prePrune ├── eventemitter3@1.2.0
139 silly idealTree:prePrune ├── expand-brackets@0.1.4
139 silly idealTree:prePrune ├── expand-range@1.8.1
139 silly idealTree:prePrune ├─┬ express@4.13.4
139 silly idealTree:prePrune │ └── qs@4.0.0
139 silly idealTree:prePrune ├── extend@3.0.0
139 silly idealTree:prePrune ├── extglob@0.3.2
139 silly idealTree:prePrune ├── extsprintf@1.0.2
139 silly idealTree:prePrune ├── filename-regex@2.0.0
139 silly idealTree:prePrune ├── fill-range@2.2.3
139 silly idealTree:prePrune ├── finalhandler@0.4.1
139 silly idealTree:prePrune ├─┬ follow@0.11.4
139 silly idealTree:prePrune │ └── debug@0.7.4
139 silly idealTree:prePrune ├── for-in@0.1.4
139 silly idealTree:prePrune ├── for-own@0.1.3
139 silly idealTree:prePrune ├── forever-agent@0.6.1
139 silly idealTree:prePrune ├── form-data@1.0.0-rc4
139 silly idealTree:prePrune ├── formidable@1.0.17
139 silly idealTree:prePrune ├── forwarded@0.1.0
139 silly idealTree:prePrune ├─┬ foxy@11.1.5
139 silly idealTree:prePrune │ └── resp-modifier@4.0.4
139 silly idealTree:prePrune ├── fresh@0.3.0
139 silly idealTree:prePrune ├── fs-extra@0.26.7
139 silly idealTree:prePrune ├── fs@0.0.2
139 silly idealTree:prePrune ├── generate-function@2.0.0
139 silly idealTree:prePrune ├── generate-object-property@1.2.0
139 silly idealTree:prePrune ├── get-stdin@4.0.1
139 silly idealTree:prePrune ├── glob-base@0.3.0
139 silly idealTree:prePrune ├── glob-parent@2.0.0
139 silly idealTree:prePrune ├── glob@7.0.3
139 silly idealTree:prePrune ├── graceful-fs@4.1.3
139 silly idealTree:prePrune ├── graceful-readlink@1.0.1
139 silly idealTree:prePrune ├── har-validator@2.0.6
139 silly idealTree:prePrune ├── has-ansi@2.0.0
139 silly idealTree:prePrune ├─┬ has-binary@0.1.7
139 silly idealTree:prePrune │ └── isarray@0.0.1
139 silly idealTree:prePrune ├── has-cors@1.1.0
139 silly idealTree:prePrune ├── hawk@3.1.3
139 silly idealTree:prePrune ├── hoek@2.16.3
139 silly idealTree:prePrune ├── http-errors@1.4.0
139 silly idealTree:prePrune ├── http-proxy@1.13.2
139 silly idealTree:prePrune ├── http-signature@1.1.1
139 silly idealTree:prePrune ├── http2@3.3.2
139 silly idealTree:prePrune ├── https@1.0.0
139 silly idealTree:prePrune ├── iconv-lite@0.4.13
139 silly idealTree:prePrune ├── immutable@3.7.6
139 silly idealTree:prePrune ├── indent-string@1.2.2
139 silly idealTree:prePrune ├── indexof@0.0.1
139 silly idealTree:prePrune ├── inflight@1.0.4
139 silly idealTree:prePrune ├── inherits@2.0.1
139 silly idealTree:prePrune ├── invert-kv@1.0.0
139 silly idealTree:prePrune ├── ipaddr.js@1.0.5
139 silly idealTree:prePrune ├── is-binary-path@1.0.1
139 silly idealTree:prePrune ├── is-buffer@1.1.3
139 silly idealTree:prePrune ├── is-dotfile@1.0.2
139 silly idealTree:prePrune ├── is-equal-shallow@0.1.3
139 silly idealTree:prePrune ├── is-extendable@0.1.1
139 silly idealTree:prePrune ├── is-extglob@1.0.0
139 silly idealTree:prePrune ├── is-finite@1.0.1
139 silly idealTree:prePrune ├── is-fullwidth-code-point@1.0.0
139 silly idealTree:prePrune ├── is-glob@2.0.1
139 silly idealTree:prePrune ├── is-my-json-valid@2.13.1
139 silly idealTree:prePrune ├── is-number@2.1.0
139 silly idealTree:prePrune ├── is-primitive@2.0.0
139 silly idealTree:prePrune ├── is-property@1.0.2
139 silly idealTree:prePrune ├── is-typedarray@1.0.0
139 silly idealTree:prePrune ├── isarray@1.0.0
139 silly idealTree:prePrune ├─┬ isobject@2.0.0
139 silly idealTree:prePrune │ └── isarray@0.0.1
139 silly idealTree:prePrune ├── isstream@0.1.2
139 silly idealTree:prePrune ├── jodid25519@1.0.2
139 silly idealTree:prePrune ├── jquery@2.2.2
139 silly idealTree:prePrune ├── jqueryui@1.11.1
139 silly idealTree:prePrune ├── jsbn@0.1.0
139 silly idealTree:prePrune ├── json-schema@0.2.2
139 silly idealTree:prePrune ├── json-stringify-safe@5.0.1
139 silly idealTree:prePrune ├── json3@3.2.6
139 silly idealTree:prePrune ├── jsonfile@2.2.3
139 silly idealTree:prePrune ├── jsonpointer@2.0.0
139 silly idealTree:prePrune ├── jsprim@1.2.2
139 silly idealTree:prePrune ├── jwt-simple@0.5.0
139 silly idealTree:prePrune ├── kind-of@3.0.2
139 silly idealTree:prePrune ├── klaw@1.1.3
139 silly idealTree:prePrune ├── lazy-cache@0.2.7
139 silly idealTree:prePrune ├── lcid@1.0.0
139 silly idealTree:prePrune ├── limiter@1.1.0
139 silly idealTree:prePrune ├── lite-server@2.1.0
139 silly idealTree:prePrune ├─┬ localtunnel@1.8.1
139 silly idealTree:prePrune │ ├── asn1@0.1.11
139 silly idealTree:prePrune │ ├── assert-plus@0.1.5
139 silly idealTree:prePrune │ ├── http-signature@0.11.0
139 silly idealTree:prePrune │ ├── qs@5.2.0
139 silly idealTree:prePrune │ └── request@2.65.0
139 silly idealTree:prePrune ├── lodash._arraycopy@3.0.0
139 silly idealTree:prePrune ├── lodash._arrayeach@3.0.0
139 silly idealTree:prePrune ├── lodash._baseclone@4.5.3
139 silly idealTree:prePrune ├── lodash._basecopy@3.0.1
139 silly idealTree:prePrune ├── lodash._basefor@3.0.3
139 silly idealTree:prePrune ├── lodash._bindcallback@3.0.1
139 silly idealTree:prePrune ├── lodash._createassigner@3.1.1
139 silly idealTree:prePrune ├── lodash._getnative@3.9.1
139 silly idealTree:prePrune ├── lodash._isiterateecall@3.0.9
139 silly idealTree:prePrune ├── lodash.clonedeep@4.3.1
139 silly idealTree:prePrune ├── lodash.isarguments@3.0.8
139 silly idealTree:prePrune ├── lodash.isarray@3.0.4
139 silly idealTree:prePrune ├── lodash.isplainobject@3.2.0
139 silly idealTree:prePrune ├── lodash.istypedarray@3.0.5
139 silly idealTree:prePrune ├── lodash.keys@3.1.2
139 silly idealTree:prePrune ├── lodash.keysin@3.0.8
139 silly idealTree:prePrune ├── lodash.merge@3.3.2
139 silly idealTree:prePrune ├── lodash.restparam@3.6.1
139 silly idealTree:prePrune ├── lodash.toplainobject@3.0.0
139 silly idealTree:prePrune ├── lodash@4.6.1
139 silly idealTree:prePrune ├── longest@1.0.1
139 silly idealTree:prePrune ├── lru-cache@4.0.1
139 silly idealTree:prePrune ├── map-obj@1.0.1
139 silly idealTree:prePrune ├── media-typer@0.3.0
139 silly idealTree:prePrune ├── meow@3.3.0
139 silly idealTree:prePrune ├── merge-descriptors@1.0.1
139 silly idealTree:prePrune ├── methods@1.1.2
139 silly idealTree:prePrune ├── micromatch@2.3.5
139 silly idealTree:prePrune ├── mime-db@1.22.0
139 silly idealTree:prePrune ├── mime-types@2.1.10
139 silly idealTree:prePrune ├── mime@1.3.4
139 silly idealTree:prePrune ├── minimatch@2.0.10
139 silly idealTree:prePrune ├── minimist@1.2.0
139 silly idealTree:prePrune ├── mkdirp@0.3.0
139 silly idealTree:prePrune ├── moment@2.12.0
139 silly idealTree:prePrune ├── ms@0.7.1
139 silly idealTree:prePrune ├── nan@2.0.5
139 silly idealTree:prePrune ├── negotiator@0.5.3
139 silly idealTree:prePrune ├── node-uuid@1.4.7
139 silly idealTree:prePrune ├── nopt@3.0.6
139 silly idealTree:prePrune ├── normalize-path@2.0.1
139 silly idealTree:prePrune ├── number-is-nan@1.0.0
139 silly idealTree:prePrune ├── oauth-sign@0.8.1
139 silly idealTree:prePrune ├── object-assign@3.0.0
139 silly idealTree:prePrune ├── object-component@0.0.3
139 silly idealTree:prePrune ├── object-path@0.9.2
139 silly idealTree:prePrune ├── object.omit@2.0.0
139 silly idealTree:prePrune ├── on-finished@2.3.0
139 silly idealTree:prePrune ├── once@1.3.3
139 silly idealTree:prePrune ├── openurl@1.1.0
139 silly idealTree:prePrune ├─┬ opn@3.0.3
139 silly idealTree:prePrune │ └── object-assign@4.0.1
139 silly idealTree:prePrune ├─┬ opt-merger@1.1.1
139 silly idealTree:prePrune │ └── lodash@3.10.1
139 silly idealTree:prePrune ├── options@0.0.6
139 silly idealTree:prePrune ├── os-locale@1.4.0
139 silly idealTree:prePrune ├── parse-glob@3.0.4
139 silly idealTree:prePrune ├── parsejson@0.0.1
139 silly idealTree:prePrune ├── parseqs@0.0.2
139 silly idealTree:prePrune ├── parseuri@0.0.4
139 silly idealTree:prePrune ├── parseurl@1.3.1
139 silly idealTree:prePrune ├── path-is-absolute@1.0.0
139 silly idealTree:prePrune ├── path-to-regexp@0.1.7
139 silly idealTree:prePrune ├── pinkie-promise@2.0.0
139 silly idealTree:prePrune ├── pinkie@2.0.4
139 silly idealTree:prePrune ├─┬ portscanner@1.0.0
139 silly idealTree:prePrune │ └── async@0.1.15
139 silly idealTree:prePrune ├── preserve@0.2.0
139 silly idealTree:prePrune ├── process-nextick-args@1.0.6
139 silly idealTree:prePrune ├── proxy-addr@1.0.10
139 silly idealTree:prePrune ├── pseudomap@1.0.2
139 silly idealTree:prePrune ├── qs@6.1.0
139 silly idealTree:prePrune ├── query-string@2.4.2
139 silly idealTree:prePrune ├── randomatic@1.1.5
139 silly idealTree:prePrune ├── range-parser@1.0.3
139 silly idealTree:prePrune ├─┬ raw-body@2.1.6
139 silly idealTree:prePrune │ └── bytes@2.3.0
139 silly idealTree:prePrune ├── readable-stream@2.0.6
139 silly idealTree:prePrune ├── readdirp@2.0.0
139 silly idealTree:prePrune ├── reflect-metadata@0.1.2
139 silly idealTree:prePrune ├── regex-cache@0.4.2
139 silly idealTree:prePrune ├── repeat-element@1.1.2
139 silly idealTree:prePrune ├── repeat-string@1.5.4
139 silly idealTree:prePrune ├── repeating@1.1.3
139 silly idealTree:prePrune ├─┬ request@2.69.0
139 silly idealTree:prePrune │ └── qs@6.0.2
139 silly idealTree:prePrune ├── requires-port@1.0.0
139 silly idealTree:prePrune ├── resp-modifier@5.0.2
139 silly idealTree:prePrune ├── rimraf@2.5.2
139 silly idealTree:prePrune ├── rsvp@3.2.1
139 silly idealTree:prePrune ├── rxjs@5.0.0-beta.2
139 silly idealTree:prePrune ├─┬ send@0.13.1
139 silly idealTree:prePrune │ └── http-errors@1.3.1
139 silly idealTree:prePrune ├─┬ serve-index@1.7.3
139 silly idealTree:prePrune │ └── http-errors@1.3.1
139 silly idealTree:prePrune ├── serve-static@1.10.2
139 silly idealTree:prePrune ├── sntp@1.0.9
139 silly idealTree:prePrune ├─┬ socket.io-adapter@0.4.0
139 silly idealTree:prePrune │ ├── isarray@0.0.1
139 silly idealTree:prePrune │ └─┬ socket.io-parser@2.2.2
139 silly idealTree:prePrune │   └── debug@0.7.4
139 silly idealTree:prePrune ├─┬ socket.io-client@1.4.5
139 silly idealTree:prePrune │ └── component-emitter@1.2.0
139 silly idealTree:prePrune ├─┬ socket.io-parser@2.2.6
139 silly idealTree:prePrune │ ├── isarray@0.0.1
139 silly idealTree:prePrune │ └── json3@3.3.2
139 silly idealTree:prePrune ├── socket.io@1.4.5
139 silly idealTree:prePrune ├── sshpk@1.7.4
139 silly idealTree:prePrune ├── statuses@1.2.1
139 silly idealTree:prePrune ├── stream-throttle@0.1.3
139 silly idealTree:prePrune ├── strict-uri-encode@1.1.0
139 silly idealTree:prePrune ├── string-width@1.0.1
139 silly idealTree:prePrune ├── string_decoder@0.10.31
139 silly idealTree:prePrune ├── stringstream@0.0.5
139 silly idealTree:prePrune ├── strip-ansi@3.0.1
139 silly idealTree:prePrune ├── supports-color@2.0.0
139 silly idealTree:prePrune ├── systemjs@0.19.22
139 silly idealTree:prePrune ├── tfunk@3.0.2
139 silly idealTree:prePrune ├── to-array@0.1.4
139 silly idealTree:prePrune ├── tough-cookie@2.2.2
139 silly idealTree:prePrune ├── tunnel-agent@0.4.2
139 silly idealTree:prePrune ├── tweetnacl@0.14.1
139 silly idealTree:prePrune ├── type-is@1.6.12
139 silly idealTree:prePrune ├── ua-parser-js@0.7.10
139 silly idealTree:prePrune ├── ucfirst@1.0.0
139 silly idealTree:prePrune ├── ultron@1.0.2
139 silly idealTree:prePrune ├── underscore@1.8.3
139 silly idealTree:prePrune ├── unpipe@1.0.0
139 silly idealTree:prePrune ├── utf8@2.1.0
139 silly idealTree:prePrune ├── util-deprecate@1.0.2
139 silly idealTree:prePrune ├── utils-merge@1.0.0
139 silly idealTree:prePrune ├── vargs@0.1.0
139 silly idealTree:prePrune ├── vary@1.0.1
139 silly idealTree:prePrune ├── verror@1.3.6
139 silly idealTree:prePrune ├─┬ weinre@2.0.0-pre-I0Z7U9OV
139 silly idealTree:prePrune │ ├── connect@1.9.2
139 silly idealTree:prePrune │ ├── express@2.5.11
139 silly idealTree:prePrune │ ├── mime@1.2.4
139 silly idealTree:prePrune │ ├── qs@0.4.2
139 silly idealTree:prePrune │ └── underscore@1.7.0
139 silly idealTree:prePrune ├── when@3.7.7
139 silly idealTree:prePrune ├── window-size@0.1.4
139 silly idealTree:prePrune ├── wrap-ansi@2.0.0
139 silly idealTree:prePrune ├── wrappy@1.0.1
139 silly idealTree:prePrune ├── ws@1.0.1
139 silly idealTree:prePrune ├── xmlhttprequest-ssl@1.5.1
139 silly idealTree:prePrune ├── xtend@4.0.1
139 silly idealTree:prePrune ├── y18n@3.2.1
139 silly idealTree:prePrune ├── yallist@2.0.0
139 silly idealTree:prePrune ├── yargs@3.29.0
139 silly idealTree:prePrune ├── yeast@0.1.2
139 silly idealTree:prePrune ├── zone.js@0.5.15
139 silly idealTree:prePrune └── zxcvbn@4.2.0
140 silly loadIdealTree Finishing
141 silly currentTree foo@1.0.0
141 silly currentTree ├── abbrev@1.0.7
141 silly currentTree ├── accepts@1.2.13
141 silly currentTree ├── after@0.8.1
141 silly currentTree ├── angular2@2.0.0-beta.7
141 silly currentTree ├── ansi-regex@2.0.0
141 silly currentTree ├── ansi-styles@2.2.0
141 silly currentTree ├── anymatch@1.3.0
141 silly currentTree ├── arr-diff@2.0.0
141 silly currentTree ├── arr-flatten@1.0.1
141 silly currentTree ├── array-flatten@1.1.1
141 silly currentTree ├── array-unique@0.2.1
141 silly currentTree ├── arraybuffer.slice@0.0.6
141 silly currentTree ├── arrify@1.0.1
141 silly currentTree ├── asn1@0.2.3
141 silly currentTree ├── assert-plus@0.2.0
141 silly currentTree ├── async-each-series@0.1.1
141 silly currentTree ├── async-each@0.1.6
141 silly currentTree ├── async@1.5.2
141 silly currentTree ├── aws-sign2@0.6.0
141 silly currentTree ├── aws4@1.3.2
141 silly currentTree ├── backo2@1.0.2
141 silly currentTree ├── balanced-match@0.3.0
141 silly currentTree ├── base64-arraybuffer@0.1.2
141 silly currentTree ├── base64id@0.1.0
141 silly currentTree ├── batch@0.5.3
141 silly currentTree ├── benchmark@1.0.0
141 silly currentTree ├── better-assert@1.0.2
141 silly currentTree ├── binary-extensions@1.4.0
141 silly currentTree ├── bl@1.0.3
141 silly currentTree ├── blob@0.0.4
141 silly currentTree ├── body-parser@1.15.0
141 silly currentTree ├── boom@2.10.1
141 silly currentTree ├── bootstrap@3.3.6
141 silly currentTree ├── brace-expansion@1.1.3
141 silly currentTree ├── braces@1.8.3
141 silly currentTree ├── browser-request@0.3.3
141 silly currentTree ├── browser-sync-client@2.4.1
141 silly currentTree ├── browser-sync-ui@0.5.18
141 silly currentTree ├─┬ browser-sync@2.11.2
141 silly currentTree │ └── lodash@3.10.1
141 silly currentTree ├── bs-recipes@1.1.0
141 silly currentTree ├── bytes@2.2.0
141 silly currentTree ├── callsite@1.0.0
141 silly currentTree ├── camelcase-keys@1.0.0
141 silly currentTree ├── camelcase@1.2.1
141 silly currentTree ├── caseless@0.11.0
141 silly currentTree ├── chalk@1.1.1
141 silly currentTree ├── chokidar@1.4.1
141 silly currentTree ├── cliui@3.1.1
141 silly currentTree ├── code-point-at@1.0.0
141 silly currentTree ├── color-convert@1.0.0
141 silly currentTree ├── combined-stream@1.0.5
141 silly currentTree ├── commander@2.9.0
141 silly currentTree ├── component-bind@1.0.0
141 silly currentTree ├── component-emitter@1.1.2
141 silly currentTree ├── component-inherit@0.0.3
141 silly currentTree ├── concat-map@0.0.1
141 silly currentTree ├── connect-history-api-fallback@1.2.0
141 silly currentTree ├── connect-logger@0.0.1
141 silly currentTree ├── connect@3.4.1
141 silly currentTree ├── content-disposition@0.5.1
141 silly currentTree ├── content-type@1.0.1
141 silly currentTree ├── cookie-signature@1.0.6
141 silly currentTree ├── cookie@0.1.5
141 silly currentTree ├── core-util-is@1.0.2
141 silly currentTree ├── cradle@0.7.1
141 silly currentTree ├── cryptiles@2.0.5
141 silly currentTree ├── ctype@0.5.3
141 silly currentTree ├─┬ dashdash@1.13.0
141 silly currentTree │ └── assert-plus@1.0.0
141 silly currentTree ├── debug@2.2.0
141 silly currentTree ├── decamelize@1.2.0
141 silly currentTree ├── delayed-stream@1.0.0
141 silly currentTree ├── depd@1.1.0
141 silly currentTree ├── destroy@1.0.4
141 silly currentTree ├── dev-ip@1.0.1
141 silly currentTree ├─┬ easy-extender@2.3.2
141 silly currentTree │ └── lodash@3.10.1
141 silly currentTree ├── eazy-logger@2.1.3
141 silly currentTree ├── ecc-jsbn@0.1.1
141 silly currentTree ├── ee-first@1.1.1
141 silly currentTree ├── emitter-steward@1.0.0
141 silly currentTree ├── engine.io-client@1.6.8
141 silly currentTree ├─┬ engine.io-parser@1.2.4
141 silly currentTree │ ├── has-binary@0.1.6
141 silly currentTree │ └── isarray@0.0.1
141 silly currentTree ├─┬ engine.io@1.6.8
141 silly currentTree │ ├── accepts@1.1.4
141 silly currentTree │ ├── mime-db@1.12.0
141 silly currentTree │ ├── mime-types@2.0.14
141 silly currentTree │ └── negotiator@0.4.9
141 silly currentTree ├── es6-module-loader@0.17.11
141 silly currentTree ├── es6-promise@3.1.2
141 silly currentTree ├── es6-shim@0.33.13
141 silly currentTree ├── escape-html@1.0.3
141 silly currentTree ├── escape-string-regexp@1.0.5
141 silly currentTree ├── etag@1.7.0
141 silly currentTree ├── eventemitter3@1.2.0
141 silly currentTree ├── expand-brackets@0.1.4
141 silly currentTree ├── expand-range@1.8.1
141 silly currentTree ├─┬ express@4.13.4
141 silly currentTree │ └── qs@4.0.0
141 silly currentTree ├── extend@3.0.0
141 silly currentTree ├── extglob@0.3.2
141 silly currentTree ├── extsprintf@1.0.2
141 silly currentTree ├── filename-regex@2.0.0
141 silly currentTree ├── fill-range@2.2.3
141 silly currentTree ├── finalhandler@0.4.1
141 silly currentTree ├─┬ follow@0.11.4
141 silly currentTree │ └── debug@0.7.4
141 silly currentTree ├── for-in@0.1.4
141 silly currentTree ├── for-own@0.1.3
141 silly currentTree ├── forever-agent@0.6.1
141 silly currentTree ├── form-data@1.0.0-rc4
141 silly currentTree ├── formidable@1.0.17
141 silly currentTree ├── forwarded@0.1.0
141 silly currentTree ├─┬ foxy@11.1.5
141 silly currentTree │ └── resp-modifier@4.0.4
141 silly currentTree ├── fresh@0.3.0
141 silly currentTree ├── fs-extra@0.26.7
141 silly currentTree ├── fs@0.0.2
141 silly currentTree ├── generate-function@2.0.0
141 silly currentTree ├── generate-object-property@1.2.0
141 silly currentTree ├── get-stdin@4.0.1
141 silly currentTree ├── glob-base@0.3.0
141 silly currentTree ├── glob-parent@2.0.0
141 silly currentTree ├── glob@7.0.3
141 silly currentTree ├── graceful-fs@4.1.3
141 silly currentTree ├── graceful-readlink@1.0.1
141 silly currentTree ├── har-validator@2.0.6
141 silly currentTree ├── has-ansi@2.0.0
141 silly currentTree ├─┬ has-binary@0.1.7
141 silly currentTree │ └── isarray@0.0.1
141 silly currentTree ├── has-cors@1.1.0
141 silly currentTree ├── hawk@3.1.3
141 silly currentTree ├── hoek@2.16.3
141 silly currentTree ├── http-errors@1.4.0
141 silly currentTree ├── http-proxy@1.13.2
141 silly currentTree ├── http-signature@1.1.1
141 silly currentTree ├── http2@3.3.2
141 silly currentTree ├── https@1.0.0
141 silly currentTree ├── iconv-lite@0.4.13
141 silly currentTree ├── immutable@3.7.6
141 silly currentTree ├── indent-string@1.2.2
141 silly currentTree ├── indexof@0.0.1
141 silly currentTree ├── inflight@1.0.4
141 silly currentTree ├── inherits@2.0.1
141 silly currentTree ├── invert-kv@1.0.0
141 silly currentTree ├── ipaddr.js@1.0.5
141 silly currentTree ├── is-binary-path@1.0.1
141 silly currentTree ├── is-buffer@1.1.3
141 silly currentTree ├── is-dotfile@1.0.2
141 silly currentTree ├── is-equal-shallow@0.1.3
141 silly currentTree ├── is-extendable@0.1.1
141 silly currentTree ├── is-extglob@1.0.0
141 silly currentTree ├── is-finite@1.0.1
141 silly currentTree ├── is-fullwidth-code-point@1.0.0
141 silly currentTree ├── is-glob@2.0.1
141 silly currentTree ├── is-my-json-valid@2.13.1
141 silly currentTree ├── is-number@2.1.0
141 silly currentTree ├── is-primitive@2.0.0
141 silly currentTree ├── is-property@1.0.2
141 silly currentTree ├── is-typedarray@1.0.0
141 silly currentTree ├── isarray@1.0.0
141 silly currentTree ├─┬ isobject@2.0.0
141 silly currentTree │ └── isarray@0.0.1
141 silly currentTree ├── isstream@0.1.2
141 silly currentTree ├── jodid25519@1.0.2
141 silly currentTree ├── jquery@2.2.2
141 silly currentTree ├── jqueryui@1.11.1
141 silly currentTree ├── jsbn@0.1.0
141 silly currentTree ├── json-schema@0.2.2
141 silly currentTree ├── json-stringify-safe@5.0.1
141 silly currentTree ├── json3@3.2.6
141 silly currentTree ├── jsonfile@2.2.3
141 silly currentTree ├── jsonpointer@2.0.0
141 silly currentTree ├── jsprim@1.2.2
141 silly currentTree ├── jwt-simple@0.5.0
141 silly currentTree ├── kind-of@3.0.2
141 silly currentTree ├── klaw@1.1.3
141 silly currentTree ├── lazy-cache@0.2.7
141 silly currentTree ├── lcid@1.0.0
141 silly currentTree ├── limiter@1.1.0
141 silly currentTree ├── lite-server@2.1.0
141 silly currentTree ├─┬ localtunnel@1.8.1
141 silly currentTree │ ├── asn1@0.1.11
141 silly currentTree │ ├── assert-plus@0.1.5
141 silly currentTree │ ├── http-signature@0.11.0
141 silly currentTree │ ├── qs@5.2.0
141 silly currentTree │ └── request@2.65.0
141 silly currentTree ├── lodash._arraycopy@3.0.0
141 silly currentTree ├── lodash._arrayeach@3.0.0
141 silly currentTree ├── lodash._baseclone@4.5.3
141 silly currentTree ├── lodash._basecopy@3.0.1
141 silly currentTree ├── lodash._basefor@3.0.3
141 silly currentTree ├── lodash._bindcallback@3.0.1
141 silly currentTree ├── lodash._createassigner@3.1.1
141 silly currentTree ├── lodash._getnative@3.9.1
141 silly currentTree ├── lodash._isiterateecall@3.0.9
141 silly currentTree ├── lodash.clonedeep@4.3.1
141 silly currentTree ├── lodash.isarguments@3.0.8
141 silly currentTree ├── lodash.isarray@3.0.4
141 silly currentTree ├── lodash.isplainobject@3.2.0
141 silly currentTree ├── lodash.istypedarray@3.0.5
141 silly currentTree ├── lodash.keys@3.1.2
141 silly currentTree ├── lodash.keysin@3.0.8
141 silly currentTree ├── lodash.merge@3.3.2
141 silly currentTree ├── lodash.restparam@3.6.1
141 silly currentTree ├── lodash.toplainobject@3.0.0
141 silly currentTree ├── lodash@4.6.1
141 silly currentTree ├── longest@1.0.1
141 silly currentTree ├── lru-cache@4.0.1
141 silly currentTree ├── map-obj@1.0.1
141 silly currentTree ├── media-typer@0.3.0
141 silly currentTree ├── meow@3.3.0
141 silly currentTree ├── merge-descriptors@1.0.1
141 silly currentTree ├── methods@1.1.2
141 silly currentTree ├── micromatch@2.3.5
141 silly currentTree ├── mime-db@1.22.0
141 silly currentTree ├── mime-types@2.1.10
141 silly currentTree ├── mime@1.3.4
141 silly currentTree ├── minimatch@2.0.10
141 silly currentTree ├── minimist@1.2.0
141 silly currentTree ├── mkdirp@0.3.0
141 silly currentTree ├── moment@2.12.0
141 silly currentTree ├── ms@0.7.1
141 silly currentTree ├── negotiator@0.5.3
141 silly currentTree ├── node-uuid@1.4.7
141 silly currentTree ├── nopt@3.0.6
141 silly currentTree ├── normalize-path@2.0.1
141 silly currentTree ├── number-is-nan@1.0.0
141 silly currentTree ├── oauth-sign@0.8.1
141 silly currentTree ├── object-assign@3.0.0
141 silly currentTree ├── object-component@0.0.3
141 silly currentTree ├── object-path@0.9.2
141 silly currentTree ├── object.omit@2.0.0
141 silly currentTree ├── on-finished@2.3.0
141 silly currentTree ├── once@1.3.3
141 silly currentTree ├── openurl@1.1.0
141 silly currentTree ├─┬ opn@3.0.3
141 silly currentTree │ └── object-assign@4.0.1
141 silly currentTree ├─┬ opt-merger@1.1.1
141 silly currentTree │ └── lodash@3.10.1
141 silly currentTree ├── options@0.0.6
141 silly currentTree ├── os-locale@1.4.0
141 silly currentTree ├── parse-glob@3.0.4
141 silly currentTree ├── parsejson@0.0.1
141 silly currentTree ├── parseqs@0.0.2
141 silly currentTree ├── parseuri@0.0.4
141 silly currentTree ├── parseurl@1.3.1
141 silly currentTree ├── path-is-absolute@1.0.0
141 silly currentTree ├── path-to-regexp@0.1.7
141 silly currentTree ├── pinkie-promise@2.0.0
141 silly currentTree ├── pinkie@2.0.4
141 silly currentTree ├─┬ portscanner@1.0.0
141 silly currentTree │ └── async@0.1.15
141 silly currentTree ├── preserve@0.2.0
141 silly currentTree ├── process-nextick-args@1.0.6
141 silly currentTree ├── proxy-addr@1.0.10
141 silly currentTree ├── pseudomap@1.0.2
141 silly currentTree ├── qs@6.1.0
141 silly currentTree ├── query-string@2.4.2
141 silly currentTree ├── randomatic@1.1.5
141 silly currentTree ├── range-parser@1.0.3
141 silly currentTree ├─┬ raw-body@2.1.6
141 silly currentTree │ └── bytes@2.3.0
141 silly currentTree ├── readable-stream@2.0.6
141 silly currentTree ├── readdirp@2.0.0
141 silly currentTree ├── reflect-metadata@0.1.2
141 silly currentTree ├── regex-cache@0.4.2
141 silly currentTree ├── repeat-element@1.1.2
141 silly currentTree ├── repeat-string@1.5.4
141 silly currentTree ├── repeating@1.1.3
141 silly currentTree ├─┬ request@2.69.0
141 silly currentTree │ └── qs@6.0.2
141 silly currentTree ├── requires-port@1.0.0
141 silly currentTree ├── resp-modifier@5.0.2
141 silly currentTree ├── rimraf@2.5.2
141 silly currentTree ├── rsvp@3.2.1
141 silly currentTree ├── rxjs@5.0.0-beta.2
141 silly currentTree ├─┬ send@0.13.1
141 silly currentTree │ └── http-errors@1.3.1
141 silly currentTree ├─┬ serve-index@1.7.3
141 silly currentTree │ └── http-errors@1.3.1
141 silly currentTree ├── serve-static@1.10.2
141 silly currentTree ├── sntp@1.0.9
141 silly currentTree ├─┬ socket.io-adapter@0.4.0
141 silly currentTree │ ├── isarray@0.0.1
141 silly currentTree │ └─┬ socket.io-parser@2.2.2
141 silly currentTree │   └── debug@0.7.4
141 silly currentTree ├─┬ socket.io-client@1.4.5
141 silly currentTree │ └── component-emitter@1.2.0
141 silly currentTree ├─┬ socket.io-parser@2.2.6
141 silly currentTree │ ├── isarray@0.0.1
141 silly currentTree │ └── json3@3.3.2
141 silly currentTree ├── socket.io@1.4.5
141 silly currentTree ├── sshpk@1.7.4
141 silly currentTree ├── statuses@1.2.1
141 silly currentTree ├── stream-throttle@0.1.3
141 silly currentTree ├── strict-uri-encode@1.1.0
141 silly currentTree ├── string-width@1.0.1
141 silly currentTree ├── string_decoder@0.10.31
141 silly currentTree ├── stringstream@0.0.5
141 silly currentTree ├── strip-ansi@3.0.1
141 silly currentTree ├── supports-color@2.0.0
141 silly currentTree ├── systemjs@0.19.22
141 silly currentTree ├── tfunk@3.0.2
141 silly currentTree ├── to-array@0.1.4
141 silly currentTree ├── tough-cookie@2.2.2
141 silly currentTree ├── tunnel-agent@0.4.2
141 silly currentTree ├── tweetnacl@0.14.1
141 silly currentTree ├── type-is@1.6.12
141 silly currentTree ├── ua-parser-js@0.7.10
141 silly currentTree ├── ucfirst@1.0.0
141 silly currentTree ├── ultron@1.0.2
141 silly currentTree ├── underscore@1.8.3
141 silly currentTree ├── unpipe@1.0.0
141 silly currentTree ├── utf8@2.1.0
141 silly currentTree ├── util-deprecate@1.0.2
141 silly currentTree ├── utils-merge@1.0.0
141 silly currentTree ├── vargs@0.1.0
141 silly currentTree ├── vary@1.0.1
141 silly currentTree ├── verror@1.3.6
141 silly currentTree ├─┬ weinre@2.0.0-pre-I0Z7U9OV
141 silly currentTree │ ├── connect@1.9.2
141 silly currentTree │ ├── express@2.5.11
141 silly currentTree │ ├── mime@1.2.4
141 silly currentTree │ ├── qs@0.4.2
141 silly currentTree │ └── underscore@1.7.0
141 silly currentTree ├── when@3.7.7
141 silly currentTree ├── window-size@0.1.4
141 silly currentTree ├── wrap-ansi@2.0.0
141 silly currentTree ├── wrappy@1.0.1
141 silly currentTree ├── ws@1.0.1
141 silly currentTree ├── xmlhttprequest-ssl@1.5.1
141 silly currentTree ├── xtend@4.0.1
141 silly currentTree ├── y18n@3.2.1
141 silly currentTree ├── yallist@2.0.0
141 silly currentTree ├── yargs@3.29.0
141 silly currentTree ├── yeast@0.1.2
141 silly currentTree ├── zone.js@0.5.15
141 silly currentTree └── zxcvbn@4.2.0
142 silly idealTree foo@1.0.0
142 silly idealTree ├── abbrev@1.0.7
142 silly idealTree ├── accepts@1.2.13
142 silly idealTree ├── after@0.8.1
142 silly idealTree ├── angular2@2.0.0-beta.7
142 silly idealTree ├── ansi-regex@2.0.0
142 silly idealTree ├── ansi-styles@2.2.0
142 silly idealTree ├── anymatch@1.3.0
142 silly idealTree ├── arr-diff@2.0.0
142 silly idealTree ├── arr-flatten@1.0.1
142 silly idealTree ├── array-flatten@1.1.1
142 silly idealTree ├── array-unique@0.2.1
142 silly idealTree ├── arraybuffer.slice@0.0.6
142 silly idealTree ├── arrify@1.0.1
142 silly idealTree ├── asn1@0.2.3
142 silly idealTree ├── assert-plus@0.2.0
142 silly idealTree ├── async-each-series@0.1.1
142 silly idealTree ├── async-each@0.1.6
142 silly idealTree ├── async@1.5.2
142 silly idealTree ├── aws-sign2@0.6.0
142 silly idealTree ├── aws4@1.3.2
142 silly idealTree ├── backo2@1.0.2
142 silly idealTree ├── balanced-match@0.3.0
142 silly idealTree ├── base64-arraybuffer@0.1.2
142 silly idealTree ├── base64id@0.1.0
142 silly idealTree ├── batch@0.5.3
142 silly idealTree ├── bcrypt@0.8.5
142 silly idealTree ├── benchmark@1.0.0
142 silly idealTree ├── better-assert@1.0.2
142 silly idealTree ├── binary-extensions@1.4.0
142 silly idealTree ├── bindings@1.2.1
142 silly idealTree ├── bl@1.0.3
142 silly idealTree ├── blob@0.0.4
142 silly idealTree ├── body-parser@1.15.0
142 silly idealTree ├── boom@2.10.1
142 silly idealTree ├── bootstrap@3.3.6
142 silly idealTree ├── brace-expansion@1.1.3
142 silly idealTree ├── braces@1.8.3
142 silly idealTree ├── browser-request@0.3.3
142 silly idealTree ├── browser-sync-client@2.4.1
142 silly idealTree ├── browser-sync-ui@0.5.18
142 silly idealTree ├─┬ browser-sync@2.11.2
142 silly idealTree │ └── lodash@3.10.1
142 silly idealTree ├── bs-recipes@1.1.0
142 silly idealTree ├── bytes@2.2.0
142 silly idealTree ├── callsite@1.0.0
142 silly idealTree ├── camelcase-keys@1.0.0
142 silly idealTree ├── camelcase@1.2.1
142 silly idealTree ├── caseless@0.11.0
142 silly idealTree ├── chalk@1.1.1
142 silly idealTree ├── chokidar@1.4.1
142 silly idealTree ├── cliui@3.1.1
142 silly idealTree ├── code-point-at@1.0.0
142 silly idealTree ├── color-convert@1.0.0
142 silly idealTree ├── combined-stream@1.0.5
142 silly idealTree ├── commander@2.9.0
142 silly idealTree ├── component-bind@1.0.0
142 silly idealTree ├── component-emitter@1.1.2
142 silly idealTree ├── component-inherit@0.0.3
142 silly idealTree ├── concat-map@0.0.1
142 silly idealTree ├── connect-history-api-fallback@1.2.0
142 silly idealTree ├── connect-logger@0.0.1
142 silly idealTree ├── connect@3.4.1
142 silly idealTree ├── content-disposition@0.5.1
142 silly idealTree ├── content-type@1.0.1
142 silly idealTree ├── cookie-signature@1.0.6
142 silly idealTree ├── cookie@0.1.5
142 silly idealTree ├── core-util-is@1.0.2
142 silly idealTree ├── cradle@0.7.1
142 silly idealTree ├── cryptiles@2.0.5
142 silly idealTree ├── ctype@0.5.3
142 silly idealTree ├─┬ dashdash@1.13.0
142 silly idealTree │ └── assert-plus@1.0.0
142 silly idealTree ├── debug@2.2.0
142 silly idealTree ├── decamelize@1.2.0
142 silly idealTree ├── delayed-stream@1.0.0
142 silly idealTree ├── depd@1.1.0
142 silly idealTree ├── destroy@1.0.4
142 silly idealTree ├── dev-ip@1.0.1
142 silly idealTree ├─┬ easy-extender@2.3.2
142 silly idealTree │ └── lodash@3.10.1
142 silly idealTree ├── eazy-logger@2.1.3
142 silly idealTree ├── ecc-jsbn@0.1.1
142 silly idealTree ├── ee-first@1.1.1
142 silly idealTree ├── emitter-steward@1.0.0
142 silly idealTree ├── engine.io-client@1.6.8
142 silly idealTree ├─┬ engine.io-parser@1.2.4
142 silly idealTree │ ├── has-binary@0.1.6
142 silly idealTree │ └── isarray@0.0.1
142 silly idealTree ├─┬ engine.io@1.6.8
142 silly idealTree │ ├── accepts@1.1.4
142 silly idealTree │ ├── mime-db@1.12.0
142 silly idealTree │ ├── mime-types@2.0.14
142 silly idealTree │ └── negotiator@0.4.9
142 silly idealTree ├── es6-module-loader@0.17.11
142 silly idealTree ├── es6-promise@3.1.2
142 silly idealTree ├── es6-shim@0.33.13
142 silly idealTree ├── escape-html@1.0.3
142 silly idealTree ├── escape-string-regexp@1.0.5
142 silly idealTree ├── etag@1.7.0
142 silly idealTree ├── eventemitter3@1.2.0
142 silly idealTree ├── expand-brackets@0.1.4
142 silly idealTree ├── expand-range@1.8.1
142 silly idealTree ├─┬ express@4.13.4
142 silly idealTree │ └── qs@4.0.0
142 silly idealTree ├── extend@3.0.0
142 silly idealTree ├── extglob@0.3.2
142 silly idealTree ├── extsprintf@1.0.2
142 silly idealTree ├── filename-regex@2.0.0
142 silly idealTree ├── fill-range@2.2.3
142 silly idealTree ├── finalhandler@0.4.1
142 silly idealTree ├─┬ follow@0.11.4
142 silly idealTree │ └── debug@0.7.4
142 silly idealTree ├── for-in@0.1.4
142 silly idealTree ├── for-own@0.1.3
142 silly idealTree ├── forever-agent@0.6.1
142 silly idealTree ├── form-data@1.0.0-rc4
142 silly idealTree ├── formidable@1.0.17
142 silly idealTree ├── forwarded@0.1.0
142 silly idealTree ├─┬ foxy@11.1.5
142 silly idealTree │ └── resp-modifier@4.0.4
142 silly idealTree ├── fresh@0.3.0
142 silly idealTree ├── fs-extra@0.26.7
142 silly idealTree ├── fs@0.0.2
142 silly idealTree ├── generate-function@2.0.0
142 silly idealTree ├── generate-object-property@1.2.0
142 silly idealTree ├── get-stdin@4.0.1
142 silly idealTree ├── glob-base@0.3.0
142 silly idealTree ├── glob-parent@2.0.0
142 silly idealTree ├── glob@7.0.3
142 silly idealTree ├── graceful-fs@4.1.3
142 silly idealTree ├── graceful-readlink@1.0.1
142 silly idealTree ├── har-validator@2.0.6
142 silly idealTree ├── has-ansi@2.0.0
142 silly idealTree ├─┬ has-binary@0.1.7
142 silly idealTree │ └── isarray@0.0.1
142 silly idealTree ├── has-cors@1.1.0
142 silly idealTree ├── hawk@3.1.3
142 silly idealTree ├── hoek@2.16.3
142 silly idealTree ├── http-errors@1.4.0
142 silly idealTree ├── http-proxy@1.13.2
142 silly idealTree ├── http-signature@1.1.1
142 silly idealTree ├── http2@3.3.2
142 silly idealTree ├── https@1.0.0
142 silly idealTree ├── iconv-lite@0.4.13
142 silly idealTree ├── immutable@3.7.6
142 silly idealTree ├── indent-string@1.2.2
142 silly idealTree ├── indexof@0.0.1
142 silly idealTree ├── inflight@1.0.4
142 silly idealTree ├── inherits@2.0.1
142 silly idealTree ├── invert-kv@1.0.0
142 silly idealTree ├── ipaddr.js@1.0.5
142 silly idealTree ├── is-binary-path@1.0.1
142 silly idealTree ├── is-buffer@1.1.3
142 silly idealTree ├── is-dotfile@1.0.2
142 silly idealTree ├── is-equal-shallow@0.1.3
142 silly idealTree ├── is-extendable@0.1.1
142 silly idealTree ├── is-extglob@1.0.0
142 silly idealTree ├── is-finite@1.0.1
142 silly idealTree ├── is-fullwidth-code-point@1.0.0
142 silly idealTree ├── is-glob@2.0.1
142 silly idealTree ├── is-my-json-valid@2.13.1
142 silly idealTree ├── is-number@2.1.0
142 silly idealTree ├── is-primitive@2.0.0
142 silly idealTree ├── is-property@1.0.2
142 silly idealTree ├── is-typedarray@1.0.0
142 silly idealTree ├── isarray@1.0.0
142 silly idealTree ├─┬ isobject@2.0.0
142 silly idealTree │ └── isarray@0.0.1
142 silly idealTree ├── isstream@0.1.2
142 silly idealTree ├── jodid25519@1.0.2
142 silly idealTree ├── jquery@2.2.2
142 silly idealTree ├── jqueryui@1.11.1
142 silly idealTree ├── jsbn@0.1.0
142 silly idealTree ├── json-schema@0.2.2
142 silly idealTree ├── json-stringify-safe@5.0.1
142 silly idealTree ├── json3@3.2.6
142 silly idealTree ├── jsonfile@2.2.3
142 silly idealTree ├── jsonpointer@2.0.0
142 silly idealTree ├── jsprim@1.2.2
142 silly idealTree ├── jwt-simple@0.5.0
142 silly idealTree ├── kind-of@3.0.2
142 silly idealTree ├── klaw@1.1.3
142 silly idealTree ├── lazy-cache@0.2.7
142 silly idealTree ├── lcid@1.0.0
142 silly idealTree ├── limiter@1.1.0
142 silly idealTree ├── lite-server@2.1.0
142 silly idealTree ├─┬ localtunnel@1.8.1
142 silly idealTree │ ├── asn1@0.1.11
142 silly idealTree │ ├── assert-plus@0.1.5
142 silly idealTree │ ├── http-signature@0.11.0
142 silly idealTree │ ├── qs@5.2.0
142 silly idealTree │ └── request@2.65.0
142 silly idealTree ├── lodash._arraycopy@3.0.0
142 silly idealTree ├── lodash._arrayeach@3.0.0
142 silly idealTree ├── lodash._baseclone@4.5.3
142 silly idealTree ├── lodash._basecopy@3.0.1
142 silly idealTree ├── lodash._basefor@3.0.3
142 silly idealTree ├── lodash._bindcallback@3.0.1
142 silly idealTree ├── lodash._createassigner@3.1.1
142 silly idealTree ├── lodash._getnative@3.9.1
142 silly idealTree ├── lodash._isiterateecall@3.0.9
142 silly idealTree ├── lodash.clonedeep@4.3.1
142 silly idealTree ├── lodash.isarguments@3.0.8
142 silly idealTree ├── lodash.isarray@3.0.4
142 silly idealTree ├── lodash.isplainobject@3.2.0
142 silly idealTree ├── lodash.istypedarray@3.0.5
142 silly idealTree ├── lodash.keys@3.1.2
142 silly idealTree ├── lodash.keysin@3.0.8
142 silly idealTree ├── lodash.merge@3.3.2
142 silly idealTree ├── lodash.restparam@3.6.1
142 silly idealTree ├── lodash.toplainobject@3.0.0
142 silly idealTree ├── lodash@4.6.1
142 silly idealTree ├── longest@1.0.1
142 silly idealTree ├── lru-cache@4.0.1
142 silly idealTree ├── map-obj@1.0.1
142 silly idealTree ├── media-typer@0.3.0
142 silly idealTree ├── meow@3.3.0
142 silly idealTree ├── merge-descriptors@1.0.1
142 silly idealTree ├── methods@1.1.2
142 silly idealTree ├── micromatch@2.3.5
142 silly idealTree ├── mime-db@1.22.0
142 silly idealTree ├── mime-types@2.1.10
142 silly idealTree ├── mime@1.3.4
142 silly idealTree ├── minimatch@2.0.10
142 silly idealTree ├── minimist@1.2.0
142 silly idealTree ├── mkdirp@0.3.0
142 silly idealTree ├── moment@2.12.0
142 silly idealTree ├── ms@0.7.1
142 silly idealTree ├── nan@2.0.5
142 silly idealTree ├── negotiator@0.5.3
142 silly idealTree ├── node-uuid@1.4.7
142 silly idealTree ├── nopt@3.0.6
142 silly idealTree ├── normalize-path@2.0.1
142 silly idealTree ├── number-is-nan@1.0.0
142 silly idealTree ├── oauth-sign@0.8.1
142 silly idealTree ├── object-assign@3.0.0
142 silly idealTree ├── object-component@0.0.3
142 silly idealTree ├── object-path@0.9.2
142 silly idealTree ├── object.omit@2.0.0
142 silly idealTree ├── on-finished@2.3.0
142 silly idealTree ├── once@1.3.3
142 silly idealTree ├── openurl@1.1.0
142 silly idealTree ├─┬ opn@3.0.3
142 silly idealTree │ └── object-assign@4.0.1
142 silly idealTree ├─┬ opt-merger@1.1.1
142 silly idealTree │ └── lodash@3.10.1
142 silly idealTree ├── options@0.0.6
142 silly idealTree ├── os-locale@1.4.0
142 silly idealTree ├── parse-glob@3.0.4
142 silly idealTree ├── parsejson@0.0.1
142 silly idealTree ├── parseqs@0.0.2
142 silly idealTree ├── parseuri@0.0.4
142 silly idealTree ├── parseurl@1.3.1
142 silly idealTree ├── path-is-absolute@1.0.0
142 silly idealTree ├── path-to-regexp@0.1.7
142 silly idealTree ├── pinkie-promise@2.0.0
142 silly idealTree ├── pinkie@2.0.4
142 silly idealTree ├─┬ portscanner@1.0.0
142 silly idealTree │ └── async@0.1.15
142 silly idealTree ├── preserve@0.2.0
142 silly idealTree ├── process-nextick-args@1.0.6
142 silly idealTree ├── proxy-addr@1.0.10
142 silly idealTree ├── pseudomap@1.0.2
142 silly idealTree ├── qs@6.1.0
142 silly idealTree ├── query-string@2.4.2
142 silly idealTree ├── randomatic@1.1.5
142 silly idealTree ├── range-parser@1.0.3
142 silly idealTree ├─┬ raw-body@2.1.6
142 silly idealTree │ └── bytes@2.3.0
142 silly idealTree ├── readable-stream@2.0.6
142 silly idealTree ├── readdirp@2.0.0
142 silly idealTree ├── reflect-metadata@0.1.2
142 silly idealTree ├── regex-cache@0.4.2
142 silly idealTree ├── repeat-element@1.1.2
142 silly idealTree ├── repeat-string@1.5.4
142 silly idealTree ├── repeating@1.1.3
142 silly idealTree ├─┬ request@2.69.0
142 silly idealTree │ └── qs@6.0.2
142 silly idealTree ├── requires-port@1.0.0
142 silly idealTree ├── resp-modifier@5.0.2
142 silly idealTree ├── rimraf@2.5.2
142 silly idealTree ├── rsvp@3.2.1
142 silly idealTree ├── rxjs@5.0.0-beta.2
142 silly idealTree ├─┬ send@0.13.1
142 silly idealTree │ └── http-errors@1.3.1
142 silly idealTree ├─┬ serve-index@1.7.3
142 silly idealTree │ └── http-errors@1.3.1
142 silly idealTree ├── serve-static@1.10.2
142 silly idealTree ├── sntp@1.0.9
142 silly idealTree ├─┬ socket.io-adapter@0.4.0
142 silly idealTree │ ├── isarray@0.0.1
142 silly idealTree │ └─┬ socket.io-parser@2.2.2
142 silly idealTree │   └── debug@0.7.4
142 silly idealTree ├─┬ socket.io-client@1.4.5
142 silly idealTree │ └── component-emitter@1.2.0
142 silly idealTree ├─┬ socket.io-parser@2.2.6
142 silly idealTree │ ├── isarray@0.0.1
142 silly idealTree │ └── json3@3.3.2
142 silly idealTree ├── socket.io@1.4.5
142 silly idealTree ├── sshpk@1.7.4
142 silly idealTree ├── statuses@1.2.1
142 silly idealTree ├── stream-throttle@0.1.3
142 silly idealTree ├── strict-uri-encode@1.1.0
142 silly idealTree ├── string-width@1.0.1
142 silly idealTree ├── string_decoder@0.10.31
142 silly idealTree ├── stringstream@0.0.5
142 silly idealTree ├── strip-ansi@3.0.1
142 silly idealTree ├── supports-color@2.0.0
142 silly idealTree ├── systemjs@0.19.22
142 silly idealTree ├── tfunk@3.0.2
142 silly idealTree ├── to-array@0.1.4
142 silly idealTree ├── tough-cookie@2.2.2
142 silly idealTree ├── tunnel-agent@0.4.2
142 silly idealTree ├── tweetnacl@0.14.1
142 silly idealTree ├── type-is@1.6.12
142 silly idealTree ├── ua-parser-js@0.7.10
142 silly idealTree ├── ucfirst@1.0.0
142 silly idealTree ├── ultron@1.0.2
142 silly idealTree ├── underscore@1.8.3
142 silly idealTree ├── unpipe@1.0.0
142 silly idealTree ├── utf8@2.1.0
142 silly idealTree ├── util-deprecate@1.0.2
142 silly idealTree ├── utils-merge@1.0.0
142 silly idealTree ├── vargs@0.1.0
142 silly idealTree ├── vary@1.0.1
142 silly idealTree ├── verror@1.3.6
142 silly idealTree ├─┬ weinre@2.0.0-pre-I0Z7U9OV
142 silly idealTree │ ├── connect@1.9.2
142 silly idealTree │ ├── express@2.5.11
142 silly idealTree │ ├── mime@1.2.4
142 silly idealTree │ ├── qs@0.4.2
142 silly idealTree │ └── underscore@1.7.0
142 silly idealTree ├── when@3.7.7
142 silly idealTree ├── window-size@0.1.4
142 silly idealTree ├── wrap-ansi@2.0.0
142 silly idealTree ├── wrappy@1.0.1
142 silly idealTree ├── ws@1.0.1
142 silly idealTree ├── xmlhttprequest-ssl@1.5.1
142 silly idealTree ├── xtend@4.0.1
142 silly idealTree ├── y18n@3.2.1
142 silly idealTree ├── yallist@2.0.0
142 silly idealTree ├── yargs@3.29.0
142 silly idealTree ├── yeast@0.1.2
142 silly idealTree ├── zone.js@0.5.15
142 silly idealTree └── zxcvbn@4.2.0
143 silly generateActionsToTake Starting
144 silly install generateActionsToTake
145 silly generateActionsToTake Finishing
146 silly diffTrees action count 3
147 silly diffTrees add bindings@1.2.1
148 silly diffTrees add nan@2.0.5
149 silly diffTrees add bcrypt@0.8.5
150 silly decomposeActions action count 24
151 silly decomposeActions fetch bindings@1.2.1
152 silly decomposeActions extract bindings@1.2.1
153 silly decomposeActions test bindings@1.2.1
154 silly decomposeActions preinstall bindings@1.2.1
155 silly decomposeActions build bindings@1.2.1
156 silly decomposeActions install bindings@1.2.1
157 silly decomposeActions postinstall bindings@1.2.1
158 silly decomposeActions finalize bindings@1.2.1
159 silly decomposeActions fetch nan@2.0.5
160 silly decomposeActions extract nan@2.0.5
161 silly decomposeActions test nan@2.0.5
162 silly decomposeActions preinstall nan@2.0.5
163 silly decomposeActions build nan@2.0.5
164 silly decomposeActions install nan@2.0.5
165 silly decomposeActions postinstall nan@2.0.5
166 silly decomposeActions finalize nan@2.0.5
167 silly decomposeActions fetch bcrypt@0.8.5
168 silly decomposeActions extract bcrypt@0.8.5
169 silly decomposeActions test bcrypt@0.8.5
170 silly decomposeActions preinstall bcrypt@0.8.5
171 silly decomposeActions build bcrypt@0.8.5
172 silly decomposeActions install bcrypt@0.8.5
173 silly decomposeActions postinstall bcrypt@0.8.5
174 silly decomposeActions finalize bcrypt@0.8.5
175 silly executeActions Starting
176 silly install executeActions
177 silly doSerial global-install 0
178 silly doParallel fetch 3
179 verbose correctMkdir /home/ethan/.npm/_locks correctMkdir not in flight; initializing
180 verbose lock using /home/ethan/.npm/_locks/staging-e87301bc5ae81c19.lock for /home/ethan/Desktop/diet-tracker/node_modules/.staging
181 silly doParallel extract 3
182 silly extract bindings@1.2.1
183 silly extract nan@2.0.5
184 silly extract bcrypt@0.8.5
185 verbose unbuild node_modules/.staging/nan-4aefad09
186 verbose unbuild node_modules/.staging/bindings-931f8f82
187 verbose unbuild node_modules/.staging/bcrypt-c0284f48
188 silly gentlyRm /home/ethan/Desktop/diet-tracker/node_modules/.staging/nan-4aefad09 is being purged from base /home/ethan/Desktop/diet-tracker
189 verbose gentlyRm don't care about contents; nuking /home/ethan/Desktop/diet-tracker/node_modules/.staging/nan-4aefad09
190 silly gentlyRm /home/ethan/Desktop/diet-tracker/node_modules/.staging/bindings-931f8f82 is being purged from base /home/ethan/Desktop/diet-tracker
191 verbose gentlyRm don't care about contents; nuking /home/ethan/Desktop/diet-tracker/node_modules/.staging/bindings-931f8f82
192 silly gentlyRm /home/ethan/Desktop/diet-tracker/node_modules/.staging/bcrypt-c0284f48 is being purged from base /home/ethan/Desktop/diet-tracker
193 verbose gentlyRm don't care about contents; nuking /home/ethan/Desktop/diet-tracker/node_modules/.staging/bcrypt-c0284f48
194 verbose tar unpack /home/ethan/.npm/nan/2.0.5/package.tgz
195 verbose tar unpacking to /home/ethan/Desktop/diet-tracker/node_modules/.staging/nan-4aefad09
196 silly gentlyRm /home/ethan/Desktop/diet-tracker/node_modules/.staging/nan-4aefad09 is being purged
197 verbose gentlyRm don't care about contents; nuking /home/ethan/Desktop/diet-tracker/node_modules/.staging/nan-4aefad09
198 verbose tar unpack /home/ethan/.npm/bindings/1.2.1/package.tgz
199 verbose tar unpacking to /home/ethan/Desktop/diet-tracker/node_modules/.staging/bindings-931f8f82
200 silly gentlyRm /home/ethan/Desktop/diet-tracker/node_modules/.staging/bindings-931f8f82 is being purged
201 verbose gentlyRm don't care about contents; nuking /home/ethan/Desktop/diet-tracker/node_modules/.staging/bindings-931f8f82
202 verbose tar unpack /home/ethan/.npm/bcrypt/0.8.5/package.tgz
203 verbose tar unpacking to /home/ethan/Desktop/diet-tracker/node_modules/.staging/bcrypt-c0284f48
204 silly gentlyRm /home/ethan/Desktop/diet-tracker/node_modules/.staging/bcrypt-c0284f48 is being purged
205 verbose gentlyRm don't care about contents; nuking /home/ethan/Desktop/diet-tracker/node_modules/.staging/bcrypt-c0284f48
206 silly gunzTarPerm modes [ '755', '644' ]
207 silly gunzTarPerm modes [ '755', '644' ]
208 silly gunzTarPerm modes [ '755', '644' ]
209 silly gunzTarPerm extractEntry package.json
210 silly gunzTarPerm modified mode [ 'package.json', 436, 420 ]
211 silly gunzTarPerm extractEntry package.json
212 silly gunzTarPerm extractEntry package.json
213 silly gunzTarPerm extractEntry README.md
214 silly gunzTarPerm modified mode [ 'README.md', 436, 420 ]
215 silly gunzTarPerm extractEntry include_dirs.js
216 silly gunzTarPerm modified mode [ 'include_dirs.js', 436, 420 ]
217 silly gunzTarPerm extractEntry README.md
218 silly gunzTarPerm extractEntry bindings.js
219 silly gunzTarPerm extractEntry .npmignore
220 silly gunzTarPerm extractEntry README.md
221 silly gunzTarPerm extractEntry nan_converters.h
222 silly gunzTarPerm modified mode [ 'nan_converters.h', 436, 420 ]
223 silly gunzTarPerm extractEntry LICENSE.md
224 silly gunzTarPerm modified mode [ 'LICENSE.md', 436, 420 ]
225 silly gunzTarPerm extractEntry .dntrc
226 silly gunzTarPerm modified mode [ '.dntrc', 436, 420 ]
227 silly gunzTarPerm extractEntry LICENSE
228 silly gunzTarPerm extractEntry bcrypt.js
229 silly gunzTarPerm extractEntry appveyor.yml
230 silly gunzTarPerm modified mode [ 'appveyor.yml', 436, 420 ]
231 silly gunzTarPerm extractEntry binding.gyp
232 silly gunzTarPerm extractEntry doc/new.md
233 silly gunzTarPerm modified mode [ 'doc/new.md', 436, 420 ]
234 silly gunzTarPerm extractEntry doc/.build.sh
235 silly gunzTarPerm modified mode [ 'doc/.build.sh', 509, 493 ]
236 silly gunzTarPerm extractEntry .travis.yml
237 silly gunzTarPerm extractEntry CHANGELOG.md
238 silly gunzTarPerm extractEntry doc/buffers.md
239 silly gunzTarPerm modified mode [ 'doc/buffers.md', 436, 420 ]
240 silly gunzTarPerm extractEntry doc/callback.md
241 silly gunzTarPerm modified mode [ 'doc/callback.md', 436, 420 ]
242 silly gunzTarPerm extractEntry examples/async_compare.js
243 silly gunzTarPerm extractEntry examples/forever_gen_salt.js
244 silly gentlyRm /home/ethan/Desktop/diet-tracker/node_modules/.staging/bindings-931f8f82/node_modules is being purged
245 verbose gentlyRm don't care about contents; nuking /home/ethan/Desktop/diet-tracker/node_modules/.staging/bindings-931f8f82/node_modules
246 silly gunzTarPerm extractEntry doc/converters.md
247 silly gunzTarPerm modified mode [ 'doc/converters.md', 436, 420 ]
248 silly gunzTarPerm extractEntry doc/errors.md
249 silly gunzTarPerm modified mode [ 'doc/errors.md', 436, 420 ]
250 silly gunzTarPerm extractEntry test/async.js
251 silly gunzTarPerm extractEntry test/repetitions.js
252 silly gunzTarPerm extractEntry doc/maybe_types.md
253 silly gunzTarPerm modified mode [ 'doc/maybe_types.md', 436, 420 ]
254 silly gunzTarPerm extractEntry doc/methods.md
255 silly gunzTarPerm modified mode [ 'doc/methods.md', 436, 420 ]
256 silly gunzTarPerm extractEntry test/sync.js
257 silly gunzTarPerm extractEntry Makefile
258 silly gunzTarPerm extractEntry doc/asyncworker.md
259 silly gunzTarPerm modified mode [ 'doc/asyncworker.md', 436, 420 ]
260 silly gunzTarPerm extractEntry doc/node_misc.md
261 silly gunzTarPerm modified mode [ 'doc/node_misc.md', 436, 420 ]
262 silly gunzTarPerm extractEntry src/bcrypt.cc
263 silly gunzTarPerm extractEntry src/bcrypt_node.cc
264 silly gunzTarPerm extractEntry doc/persistent.md
265 silly gunzTarPerm modified mode [ 'doc/persistent.md', 436, 420 ]
266 silly gunzTarPerm extractEntry doc/scopes.md
267 silly gunzTarPerm modified mode [ 'doc/scopes.md', 436, 420 ]
268 silly gunzTarPerm extractEntry src/blowfish.cc
269 silly gunzTarPerm extractEntry src/node_blf.h
270 silly gunzTarPerm extractEntry doc/script.md
271 silly gunzTarPerm modified mode [ 'doc/script.md', 436, 420 ]
272 silly gunzTarPerm extractEntry doc/string_bytes.md
273 silly gunzTarPerm modified mode [ 'doc/string_bytes.md', 436, 420 ]
274 silly gunzTarPerm extractEntry werker.yml
275 silly gunzTarPerm extractEntry doc/v8_internals.md
276 silly gunzTarPerm modified mode [ 'doc/v8_internals.md', 436, 420 ]
277 silly gunzTarPerm extractEntry doc/v8_misc.md
278 silly gunzTarPerm modified mode [ 'doc/v8_misc.md', 436, 420 ]
279 silly gunzTarPerm extractEntry nan.h
280 silly gunzTarPerm modified mode [ 'nan.h', 436, 420 ]
281 silly gunzTarPerm extractEntry nan_callbacks.h
282 silly gunzTarPerm modified mode [ 'nan_callbacks.h', 436, 420 ]
283 silly gunzTarPerm extractEntry nan_callbacks_12_inl.h
284 silly gunzTarPerm modified mode [ 'nan_callbacks_12_inl.h', 436, 420 ]
285 silly gunzTarPerm extractEntry nan_callbacks_pre_12_inl.h
286 silly gunzTarPerm modified mode [ 'nan_callbacks_pre_12_inl.h', 436, 420 ]
287 silly gunzTarPerm extractEntry nan_converters_43_inl.h
288 silly gunzTarPerm modified mode [ 'nan_converters_43_inl.h', 436, 420 ]
289 silly gunzTarPerm extractEntry nan_converters_pre_43_inl.h
290 silly gunzTarPerm modified mode [ 'nan_converters_pre_43_inl.h', 436, 420 ]
291 silly gunzTarPerm extractEntry nan_implementation_12_inl.h
292 silly gunzTarPerm modified mode [ 'nan_implementation_12_inl.h', 436, 420 ]
293 silly gunzTarPerm extractEntry nan_implementation_pre_12_inl.h
294 silly gunzTarPerm modified mode [ 'nan_implementation_pre_12_inl.h', 436, 420 ]
295 silly gunzTarPerm extractEntry nan_maybe_43_inl.h
296 silly gunzTarPerm modified mode [ 'nan_maybe_43_inl.h', 436, 420 ]
297 silly gunzTarPerm extractEntry nan_maybe_pre_43_inl.h
298 silly gunzTarPerm modified mode [ 'nan_maybe_pre_43_inl.h', 436, 420 ]
299 silly gunzTarPerm extractEntry nan_new.h
300 silly gunzTarPerm modified mode [ 'nan_new.h', 436, 420 ]
301 silly gunzTarPerm extractEntry nan_object_wrap.h
302 silly gunzTarPerm modified mode [ 'nan_object_wrap.h', 436, 420 ]
303 silly gunzTarPerm extractEntry nan_persistent_12_inl.h
304 silly gunzTarPerm modified mode [ 'nan_persistent_12_inl.h', 436, 420 ]
305 silly gunzTarPerm extractEntry nan_persistent_pre_12_inl.h
306 silly gunzTarPerm modified mode [ 'nan_persistent_pre_12_inl.h', 436, 420 ]
307 silly gunzTarPerm extractEntry nan_string_bytes.h
308 silly gunzTarPerm modified mode [ 'nan_string_bytes.h', 436, 420 ]
309 silly gunzTarPerm extractEntry nan_weak.h
310 silly gunzTarPerm modified mode [ 'nan_weak.h', 436, 420 ]
311 silly gunzTarPerm extractEntry CHANGELOG.md
312 silly gunzTarPerm modified mode [ 'CHANGELOG.md', 436, 420 ]
313 silly gunzTarPerm extractEntry tools/package.json
314 silly gunzTarPerm modified mode [ 'tools/package.json', 436, 420 ]
315 silly gunzTarPerm extractEntry tools/README.md
316 silly gunzTarPerm modified mode [ 'tools/README.md', 436, 420 ]
317 silly gunzTarPerm extractEntry tools/1to2.js
318 silly gunzTarPerm modified mode [ 'tools/1to2.js', 509, 493 ]
319 silly gentlyRm /home/ethan/Desktop/diet-tracker/node_modules/.staging/bcrypt-c0284f48/node_modules is being purged
320 verbose gentlyRm don't care about contents; nuking /home/ethan/Desktop/diet-tracker/node_modules/.staging/bcrypt-c0284f48/node_modules
321 silly gentlyRm /home/ethan/Desktop/diet-tracker/node_modules/.staging/nan-4aefad09/node_modules is being purged
322 verbose gentlyRm don't care about contents; nuking /home/ethan/Desktop/diet-tracker/node_modules/.staging/nan-4aefad09/node_modules
323 silly doParallel preinstall 3
324 silly preinstall bindings@1.2.1 /home/ethan/Desktop/diet-tracker/node_modules/.staging/bindings-931f8f82
325 info lifecycle bindings@1.2.1~preinstall: bindings@1.2.1
326 silly preinstall nan@2.0.5 /home/ethan/Desktop/diet-tracker/node_modules/.staging/nan-4aefad09
327 info lifecycle nan@2.0.5~preinstall: nan@2.0.5
328 silly preinstall bcrypt@0.8.5 /home/ethan/Desktop/diet-tracker/node_modules/.staging/bcrypt-c0284f48
329 info lifecycle bcrypt@0.8.5~preinstall: bcrypt@0.8.5
330 silly lifecycle bindings@1.2.1~preinstall: no script for preinstall, continuing
331 silly lifecycle nan@2.0.5~preinstall: no script for preinstall, continuing
332 silly lifecycle bcrypt@0.8.5~preinstall: no script for preinstall, continuing
333 silly doReverseSerial remove 0
334 silly doSerial move 0
335 silly doSerial finalize 3
336 silly finalize /home/ethan/Desktop/diet-tracker/node_modules/bindings
337 silly finalize /home/ethan/Desktop/diet-tracker/node_modules/nan
338 silly finalize /home/ethan/Desktop/diet-tracker/node_modules/bcrypt
339 silly doSerial build 3
340 silly build bindings@1.2.1
341 info linkStuff bindings@1.2.1
342 silly linkStuff bindings@1.2.1 has /home/ethan/Desktop/diet-tracker/node_modules as its parent node_modules
343 verbose linkBins bindings@1.2.1
344 verbose linkMans bindings@1.2.1
345 silly build nan@2.0.5
346 info linkStuff nan@2.0.5
347 silly linkStuff nan@2.0.5 has /home/ethan/Desktop/diet-tracker/node_modules as its parent node_modules
348 verbose linkBins nan@2.0.5
349 verbose linkMans nan@2.0.5
350 silly build bcrypt@0.8.5
351 info linkStuff bcrypt@0.8.5
352 silly linkStuff bcrypt@0.8.5 has /home/ethan/Desktop/diet-tracker/node_modules as its parent node_modules
353 verbose linkBins bcrypt@0.8.5
354 verbose linkMans bcrypt@0.8.5
355 silly doSerial global-link 0
356 silly doParallel update-linked 0
357 silly doSerial install 3
358 silly install bindings@1.2.1 /home/ethan/Desktop/diet-tracker/node_modules/.staging/bindings-931f8f82
359 info lifecycle bindings@1.2.1~install: bindings@1.2.1
360 silly lifecycle bindings@1.2.1~install: no script for install, continuing
361 silly install nan@2.0.5 /home/ethan/Desktop/diet-tracker/node_modules/.staging/nan-4aefad09
362 info lifecycle nan@2.0.5~install: nan@2.0.5
363 silly lifecycle nan@2.0.5~install: no script for install, continuing
364 silly install bcrypt@0.8.5 /home/ethan/Desktop/diet-tracker/node_modules/.staging/bcrypt-c0284f48
365 info lifecycle bcrypt@0.8.5~install: bcrypt@0.8.5
366 verbose lifecycle bcrypt@0.8.5~install: unsafe-perm in lifecycle true
367 verbose lifecycle bcrypt@0.8.5~install: PATH: /usr/lib64/node_modules/npm/bin/node-gyp-bin:/home/ethan/Desktop/diet-tracker/node_modules/bcrypt/node_modules/.bin:/home/ethan/Desktop/diet-tracker/node_modules/.bin:/home/ethan/bin:/usr/local/bin:/usr/bin:/bin:/usr/bin/X11:/usr/games
368 verbose lifecycle bcrypt@0.8.5~install: CWD: /home/ethan/Desktop/diet-tracker/node_modules/bcrypt
369 silly lifecycle bcrypt@0.8.5~install: Args: [ '-c', 'node-gyp rebuild' ]
370 silly lifecycle bcrypt@0.8.5~install: Returned: code: 1  signal: null
371 info lifecycle bcrypt@0.8.5~install: Failed to exec install script
372 verbose unlock done using /home/ethan/.npm/_locks/staging-e87301bc5ae81c19.lock for /home/ethan/Desktop/diet-tracker/node_modules/.staging
373 silly rollbackFailedOptional Starting
374 silly rollbackFailedOptional Finishing
375 silly runTopLevelLifecycles Starting
376 silly runTopLevelLifecycles Finishing
377 silly install printInstalled
378 warn optional Skipping failed optional dependency /chokidar/fsevents:
379 warn notsup Not compatible with your operating system or architecture: fsevents@1.0.8
380 warn foo@1.0.0 No description
381 warn foo@1.0.0 No repository field.
382 verbose stack Error: bcrypt@0.8.5 install: `node-gyp rebuild`
382 verbose stack Exit status 1
382 verbose stack     at EventEmitter.<anonymous> (/usr/lib64/node_modules/npm/lib/utils/lifecycle.js:232:16)
382 verbose stack     at emitTwo (events.js:100:13)
382 verbose stack     at EventEmitter.emit (events.js:185:7)
382 verbose stack     at ChildProcess.<anonymous> (/usr/lib64/node_modules/npm/lib/utils/spawn.js:24:14)
382 verbose stack     at emitTwo (events.js:100:13)
382 verbose stack     at ChildProcess.emit (events.js:185:7)
382 verbose stack     at maybeClose (internal/child_process.js:827:16)
382 verbose stack     at Process.ChildProcess._handle.onexit (internal/child_process.js:211:5)
383 verbose pkgid bcrypt@0.8.5
384 verbose cwd /home/ethan/Desktop/diet-tracker/app
385 error Linux 4.5.0-1-default
386 error argv "/usr/bin/node" "/usr/bin/npm" "install"
387 error node v5.7.0
388 error npm  v3.6.0
389 error code ELIFECYCLE
390 error bcrypt@0.8.5 install: `node-gyp rebuild`
390 error Exit status 1
391 error Failed at the bcrypt@0.8.5 install script 'node-gyp rebuild'.
391 error Make sure you have the latest version of node.js and npm installed.
391 error If you do, this is most likely a problem with the bcrypt package,
391 error not with npm itself.
391 error Tell the author that this fails on your system:
391 error     node-gyp rebuild
391 error You can get information on how to open an issue for this project with:
391 error     npm bugs bcrypt
391 error Or if that isn't available, you can get their info via:
391 error     npm owner ls bcrypt
391 error There is likely additional logging output above.
392 verbose exit [ 1, true ]
